\BOOKMARK [1][-]{section*.1}{Week 0: Review}{}% 1
\BOOKMARK [1][-]{section*.2}{Vectors}{}% 2
\BOOKMARK [1][-]{section*.3}{Vectors}{}% 3
\BOOKMARK [1][-]{section*.4}{The Geometric Perspective}{}% 4
\BOOKMARK [1][-]{section*.5}{Vector Operations}{}% 5
\BOOKMARK [1][-]{section*.6}{Properties}{}% 6
\BOOKMARK [1][-]{section*.7}{Standard Basis Vectors}{}% 7
\BOOKMARK [1][-]{section*.8}{Summary}{}% 8
\BOOKMARK [1][-]{section*.9}{The Dot Product}{}% 9
\BOOKMARK [1][-]{section*.10}{The Dot Product}{}% 10
\BOOKMARK [1][-]{section*.11}{Projection of one vector onto another}{}% 11
\BOOKMARK [1][-]{section*.12}{Summary}{}% 12
\BOOKMARK [1][-]{section*.13}{The Cross Product}{}% 13
\BOOKMARK [1][-]{section*.14}{The Cross Product}{}% 14
\BOOKMARK [1][-]{section*.15}{Geometry of the Cross Product}{}% 15
\BOOKMARK [1][-]{section*.16}{Volume of a Parallelepiped}{}% 16
\BOOKMARK [1][-]{section*.17}{Summary}{}% 17
\BOOKMARK [1][-]{section*.18}{Matrices}{}% 18
\BOOKMARK [1][-]{section*.19}{Matrices}{}% 19
\BOOKMARK [1][-]{section*.20}{Matrix Operations}{}% 20
\BOOKMARK [1][-]{section*.21}{Determinants}{}% 21
\BOOKMARK [1][-]{section*.22}{Linear Transformations}{}% 22
\BOOKMARK [1][-]{section*.23}{Summary}{}% 23
\BOOKMARK [1][-]{section*.24}{Representations of Lines and Planes}{}% 24
\BOOKMARK [1][-]{section*.25}{Representations of Lines}{}% 25
\BOOKMARK [1][-]{section*.26}{Representations of Planes}{}% 26
\BOOKMARK [1][-]{section*.27}{Summary}{}% 27
\BOOKMARK [1][-]{section*.28}{Extra Problems}{}% 28
\BOOKMARK [1][-]{section*.29}{Online Problems}{}% 29
\BOOKMARK [1][-]{section*.30}{Written Problems}{}% 30
\BOOKMARK [1][-]{section*.31}{Week 1: Coordinate Systems}{}% 31
\BOOKMARK [1][-]{section*.32}{Review of Coordinate Systems}{}% 32
\BOOKMARK [1][-]{section*.33}{Cartesian Plane}{}% 33
\BOOKMARK [1][-]{section*.34}{Polar Coordinates}{}% 34
\BOOKMARK [1][-]{section*.35}{Linear Change of Coordinates}{}% 35
\BOOKMARK [1][-]{section*.36}{Three-Dimensional Coordinates}{}% 36
\BOOKMARK [1][-]{section*.37}{Conclusion}{}% 37
\BOOKMARK [1][-]{section*.38}{Cylindrical Coordinates}{}% 38
\BOOKMARK [1][-]{section*.39}{Cylindrical Coordinates}{}% 39
\BOOKMARK [1][-]{section*.40}{Converting between Cartesian and cylindrical coordinates}{}% 40
\BOOKMARK [1][-]{section*.41}{Spherical Coordinates}{}% 41
